#-----------------------------------------------------------
# Vivado v2017.2 (64-bit)
# SW Build 1909853 on Thu Jun 15 18:39:09 MDT 2017
# IP Build 1909766 on Thu Jun 15 19:58:00 MDT 2017
# Start of session at: Sun Dec 10 17:05:27 2017
# Process ID: 13508
# Current directory: C:/Users/ablair18/Documents/GitHub/CS373_FinalProject/Final_Project
# Command line: vivado.exe -gui_launcher_event rodinguilauncherevent14696 C:\Users\ablair18\Documents\GitHub\CS373_FinalProject\Final_Project\Final_Project.xpr
# Log file: C:/Users/ablair18/Documents/GitHub/CS373_FinalProject/Final_Project/vivado.log
# Journal file: C:/Users/ablair18/Documents/GitHub/CS373_FinalProject/Final_Project\vivado.jou
#-----------------------------------------------------------
start_gui
open_project C:/Users/ablair18/Documents/GitHub/CS373_FinalProject/Final_Project/Final_Project.xpr
INFO: [Project 1-313] Project file moved from 'C:/Users/mgalle19/Documents/GitHub/CS373_FinalProject/Final_Project' since last save.
Scanning sources...
Finished scanning sources
WARNING: [filemgmt 56-2] IPUserFilesDir: Could not find the directory 'C:/Users/ablair18/Documents/GitHub/CS373_FinalProject/Final_Project/Final_Project.ip_user_files', nor could it be found using path 'C:/Users/mgalle19/Documents/GitHub/CS373_FinalProject/Final_Project/Final_Project.ip_user_files'.
INFO: [IP_Flow 19-234] Refreshing IP repositories
INFO: [IP_Flow 19-1704] No user IP repositories specified
INFO: [IP_Flow 19-2313] Loaded Vivado IP repository 'C:/Xilinx/Vivado/2017.2/data/ip'.
open_project: Time (s): cpu = 00:00:10 ; elapsed = 00:00:08 . Memory (MB): peak = 774.223 ; gain = 73.316
update_compile_order -fileset sources_1
reset_run synth_1
launch_runs impl_1 -to_step write_bitstream -jobs 4
[Sun Dec 10 17:06:40 2017] Launched synth_1...
Run output will be captured here: C:/Users/ablair18/Documents/GitHub/CS373_FinalProject/Final_Project/Final_Project.runs/synth_1/runme.log
[Sun Dec 10 17:06:40 2017] Launched impl_1...
Run output will be captured here: C:/Users/ablair18/Documents/GitHub/CS373_FinalProject/Final_Project/Final_Project.runs/impl_1/runme.log
launch_runs: Time (s): cpu = 00:00:00 ; elapsed = 00:00:08 . Memory (MB): peak = 799.387 ; gain = 0.000
reset_run synth_1
WARNING: [Vivado 12-1017] Problems encountered:
1. PID not specified

launch_runs impl_1 -to_step write_bitstream -jobs 4
[Sun Dec 10 17:06:52 2017] Launched synth_1...
Run output will be captured here: C:/Users/ablair18/Documents/GitHub/CS373_FinalProject/Final_Project/Final_Project.runs/synth_1/runme.log
[Sun Dec 10 17:06:52 2017] Launched impl_1...
Run output will be captured here: C:/Users/ablair18/Documents/GitHub/CS373_FinalProject/Final_Project/Final_Project.runs/impl_1/runme.log
open_hw
connect_hw_server
INFO: [Labtools 27-2285] Connecting to hw_server url TCP:localhost:3121
INFO: [Labtools 27-2222] Launching hw_server...
INFO: [Labtools 27-2221] Launch Output:

****** Xilinx hw_server v2017.2
  **** Build date : Jun 15 2017-18:53:26
    ** Copyright 1986-2017 Xilinx, Inc. All Rights Reserved.


connect_hw_server: Time (s): cpu = 00:00:02 ; elapsed = 00:00:06 . Memory (MB): peak = 828.363 ; gain = 0.000
open_hw_target
INFO: [Labtoolstcl 44-466] Opening hw_target localhost:3121/xilinx_tcf/Digilent/210292A4BE9EA
set_property PROGRAM.FILE {C:/Users/ablair18/Documents/GitHub/CS373_FinalProject/Final_Project/Final_Project.runs/impl_1/Pong_TopLevel.bit} [get_hw_devices xc7a100t_0]
current_hw_device [get_hw_devices xc7a100t_0]
refresh_hw_device -update_hw_probes false [lindex [get_hw_devices xc7a100t_0] 0]
INFO: [Labtools 27-1434] Device xc7a100t (JTAG device index = 0) is programmed with a design that has no supported debug core(s) in it.
WARNING: [Labtools 27-3361] The debug hub core was not detected.
Resolution: 
1. Make sure the clock connected to the debug hub (dbg_hub) core is a free running clock and is active.
2. Make sure the BSCAN_SWITCH_USER_MASK device property in Vivado Hardware Manager reflects the user scan chain setting in the design and refresh the device.  To determine the user scan chain setting in the design, open the implemented design and use 'get_property C_USER_SCAN_CHAIN [get_debug_cores dbg_hub]'.
For more details on setting the scan chain property, consult the Vivado Debug and Programming User Guide (UG908).
set_property PROBES.FILE {} [get_hw_devices xc7a100t_0]
set_property FULL_PROBES.FILE {} [get_hw_devices xc7a100t_0]
set_property PROGRAM.FILE {C:/Users/ablair18/Documents/GitHub/CS373_FinalProject/Final_Project/Final_Project.runs/impl_1/Pong_TopLevel.bit} [get_hw_devices xc7a100t_0]
program_hw_devices [get_hw_devices xc7a100t_0]
INFO: [Labtools 27-3164] End of startup status: HIGH
refresh_hw_device [lindex [get_hw_devices xc7a100t_0] 0]
INFO: [Labtools 27-1434] Device xc7a100t (JTAG device index = 0) is programmed with a design that has no supported debug core(s) in it.
WARNING: [Labtools 27-3361] The debug hub core was not detected.
Resolution: 
1. Make sure the clock connected to the debug hub (dbg_hub) core is a free running clock and is active.
2. Make sure the BSCAN_SWITCH_USER_MASK device property in Vivado Hardware Manager reflects the user scan chain setting in the design and refresh the device.  To determine the user scan chain setting in the design, open the implemented design and use 'get_property C_USER_SCAN_CHAIN [get_debug_cores dbg_hub]'.
For more details on setting the scan chain property, consult the Vivado Debug and Programming User Guide (UG908).
reset_run synth_1
launch_runs impl_1 -to_step write_bitstream -jobs 4
[Sun Dec 10 17:11:04 2017] Launched synth_1...
Run output will be captured here: C:/Users/ablair18/Documents/GitHub/CS373_FinalProject/Final_Project/Final_Project.runs/synth_1/runme.log
[Sun Dec 10 17:11:04 2017] Launched impl_1...
Run output will be captured here: C:/Users/ablair18/Documents/GitHub/CS373_FinalProject/Final_Project/Final_Project.runs/impl_1/runme.log
set_property PROBES.FILE {} [get_hw_devices xc7a100t_0]
set_property FULL_PROBES.FILE {} [get_hw_devices xc7a100t_0]
set_property PROGRAM.FILE {C:/Users/ablair18/Documents/GitHub/CS373_FinalProject/Final_Project/Final_Project.runs/impl_1/Pong_TopLevel.bit} [get_hw_devices xc7a100t_0]
program_hw_devices [get_hw_devices xc7a100t_0]
INFO: [Labtools 27-3164] End of startup status: HIGH
refresh_hw_device [lindex [get_hw_devices xc7a100t_0] 0]
INFO: [Labtools 27-1434] Device xc7a100t (JTAG device index = 0) is programmed with a design that has no supported debug core(s) in it.
WARNING: [Labtools 27-3361] The debug hub core was not detected.
Resolution: 
1. Make sure the clock connected to the debug hub (dbg_hub) core is a free running clock and is active.
2. Make sure the BSCAN_SWITCH_USER_MASK device property in Vivado Hardware Manager reflects the user scan chain setting in the design and refresh the device.  To determine the user scan chain setting in the design, open the implemented design and use 'get_property C_USER_SCAN_CHAIN [get_debug_cores dbg_hub]'.
For more details on setting the scan chain property, consult the Vivado Debug and Programming User Guide (UG908).
exit
INFO: [Common 17-206] Exiting Vivado at Sun Dec 10 17:34:25 2017...
