#-----------------------------------------------------------
# Vivado v2017.2 (64-bit)
# SW Build 1909853 on Thu Jun 15 18:39:09 MDT 2017
# IP Build 1909766 on Thu Jun 15 19:58:00 MDT 2017
# Start of session at: Sun Dec 10 18:12:20 2017
# Process ID: 15008
# Current directory: C:/Users/ablair18/Documents/GitHub/CS373_FinalProject/Final_Project
# Command line: vivado.exe -gui_launcher_event rodinguilauncherevent5408 C:\Users\ablair18\Documents\GitHub\CS373_FinalProject\Final_Project\Final_Project.xpr
# Log file: C:/Users/ablair18/Documents/GitHub/CS373_FinalProject/Final_Project/vivado.log
# Journal file: C:/Users/ablair18/Documents/GitHub/CS373_FinalProject/Final_Project\vivado.jou
#-----------------------------------------------------------
start_gui
open_project C:/Users/ablair18/Documents/GitHub/CS373_FinalProject/Final_Project/Final_Project.xpr
Scanning sources...
Finished scanning sources
WARNING: [filemgmt 56-3] IPUserFilesDir: Could not find the directory 'C:/Users/ablair18/Documents/GitHub/CS373_FinalProject/Final_Project/Final_Project.ip_user_files'.
INFO: [IP_Flow 19-234] Refreshing IP repositories
INFO: [IP_Flow 19-1704] No user IP repositories specified
INFO: [IP_Flow 19-2313] Loaded Vivado IP repository 'C:/Xilinx/Vivado/2017.2/data/ip'.
open_project: Time (s): cpu = 00:00:09 ; elapsed = 00:00:09 . Memory (MB): peak = 791.668 ; gain = 25.113
update_compile_order -fileset sources_1
exit
INFO: [Common 17-206] Exiting Vivado at Sun Dec 10 18:17:05 2017...
